::1 - GET /blogs/1 HTTP/1.1 500 16 - 22.610 ms
::1 - GET /blogs/1 HTTP/1.1 500 16 - 14.919 ms
::1 - GET /blogs/1 HTTP/1.1 500 16 - 23.314 ms
::1 - GET /blogs/2 HTTP/1.1 500 16 - 22.087 ms
::1 - GET /blogs/2 HTTP/1.1 500 16 - 15.834 ms
::1 - GET /blogs/2 HTTP/1.1 500 16 - 2.463 ms
::1 - GET /blogs/2 HTTP/1.1 500 16 - 14.790 ms
::1 - GET /blogs/2 HTTP/1.1 500 16 - 15.449 ms
::1 - GET /blogs/3 HTTP/1.1 500 16 - 2.182 ms
::1 - GET /blogs/3 HTTP/1.1 500 16 - 15.794 ms
::1 - GET /blogs/4 HTTP/1.1 500 16 - 2.186 ms
::1 - GET /blogs/4 HTTP/1.1 500 16 - 1.349 ms
::1 - GET /blogs/4 HTTP/1.1 500 16 - 15.600 ms
::1 - GET /blogs/4 HTTP/1.1 500 16 - 22.423 ms
::1 - GET /blogs/4 HTTP/1.1 500 16 - 19.320 ms
::1 - GET /blogs/4 HTTP/1.1 500 16 - 3.267 ms
::1 - GET /blogs/4 HTTP/1.1 500 16 - 18.969 ms
::1 - GET /blogs/4 HTTP/1.1 500 16 - 1.240 ms
::1 - GET /blogs/4 HTTP/1.1 500 16 - 27.924 ms
::1 - GET /blogs/4 HTTP/1.1 500 16 - 13.022 ms
::1 - GET /blogs/4 HTTP/1.1 500 16 - 17.996 ms
::1 - GET /blogs/4 HTTP/1.1 500 16 - 1.199 ms
::1 - GET /blogs/5 HTTP/1.1 500 16 - 1.138 ms
::1 - GET /blogs/5 HTTP/1.1 500 16 - 14.561 ms
::1 - GET /blogs/5 HTTP/1.1 500 16 - 11.075 ms
::1 - GET /blogs/5 HTTP/1.1 500 16 - 1.238 ms
::1 - GET /blogs/5 HTTP/1.1 500 16 - 0.946 ms
::1 - GET /blogs/5 HTTP/1.1 500 16 - 16.448 ms
::1 - GET /blogs/5 HTTP/1.1 500 16 - 17.283 ms
::1 - GET /blogs/5 HTTP/1.1 500 16 - 2.249 ms
::1 - GET /blogs/5 HTTP/1.1 500 16 - 13.901 ms
::1 - GET /blogs/7 HTTP/1.1 500 16 - 2.325 ms
::1 - GET /blogs/7 HTTP/1.1 500 16 - 16.677 ms
::1 - GET /blogs/7 HTTP/1.1 500 16 - 18.362 ms
::1 - GET /blogs/7 HTTP/1.1 500 16 - 18.999 ms
::1 - GET /blogs/7 HTTP/1.1 500 16 - 39.396 ms
::1 - GET /blogs/7 HTTP/1.1 500 16 - 31.528 ms
::1 - GET /blogs/7 HTTP/1.1 500 16 - 17.904 ms
::1 - GET /blogs/7 HTTP/1.1 500 16 - 35.008 ms
::1 - GET /blogs/7 HTTP/1.1 500 16 - 12.987 ms
::1 - GET /blogs/7 HTTP/1.1 500 16 - 15.280 ms
::1 - GET /blogs/7 HTTP/1.1 500 16 - 13.908 ms
::1 - GET /blogs/7 HTTP/1.1 500 16 - 2.317 ms
::1 - GET /blogs/7 HTTP/1.1 500 16 - 13.516 ms
::1 - GET /favicon.ico HTTP/1.1 404 150 - 6.689 ms
::1 - GET /blogs/7 HTTP/1.1 500 16 - 2.125 ms
::1 - GET /blogs/7 HTTP/1.1 500 16 - 13.109 ms
::1 - POST /users/register HTTP/1.1 200 148 - 58.986 ms
::1 - GET /blogs/7 HTTP/1.1 500 16 - 3.837 ms
::1 - POST /users/register HTTP/1.1 - - - - ms
::1 - POST /users/register HTTP/1.1 200 141 - 59.042 ms
::1 - POST /users/register HTTP/1.1 200 141 - 151.818 ms
::1 - POST /users/register HTTP/1.1 200 148 - 144.996 ms
::1 - POST /users/login/ HTTP/1.1 200 58 - 52.037 ms
::1 - GET /users/logout HTTP/1.1 200 13 - 6.524 ms
::1 - POST /users/register HTTP/1.1 200 150 - 26.624 ms
::1 - POST /users/login/ HTTP/1.1 200 159 - 11.665 ms
::1 - POST /users/login/ HTTP/1.1 200 159 - 4.944 ms
::1 - POST /users/login/ HTTP/1.1 200 58 - 6.106 ms
::1 - POST /users/register HTTP/1.1 200 274 - 168.762 ms
::1 - POST /users/register HTTP/1.1 200 276 - 96.574 ms
::1 - POST /users/register HTTP/1.1 200 279 - 165.950 ms
::1 - GET /account/active/%242a%2410%24oeDHNb6sgn0l8hzETPsxPunkV5x05jvtjMjWymEHWP1R8RAF2oC0m HTTP/1.1 200 25 - 17.028 ms
::1 - POST /users/register HTTP/1.1 200 283 - 161.429 ms
::1 - GET /account/active/%242a%2410%24U08CPuwXspYK3a88o4wPY.d8Ulm8Leq5faC%2FJxZcy%2FnKtDTrOcVlC HTTP/1.1 200 25 - 18.776 ms
::1 - POST /users/register HTTP/1.1 200 279 - 160.593 ms
::1 - GET /account/active/%242a%2410%24BoxFEa51xqnNL8zND7NGtu8HigVEfUDotHRhoiwP2p5U3.mwO3Gn6 HTTP/1.1 200 25 - 17.515 ms
::1 - POST /users/register HTTP/1.1 200 281 - 161.667 ms
::1 - GET /account/active/%242a%2410%24vGAExenhxKK8II8lmL7fQe65IRAPA%2F1Z6EAyNkCiiwgz7UhFShPnm HTTP/1.1 404 222 - 34.524 ms
::1 - GET /account/active/%234%dgialkdia HTTP/1.1 500 16 - 14.686 ms
::1 - GET /account/active/%234%dgialkdia HTTP/1.1 500 16 - 2.315 ms
::1 - GET //account/active/%242a%2410%24vGAExenhxKK8II8lmL7fQe65IRAPA%2F1Z6EAyNkCiiwgz7UhFShPnm HTTP/1.1 404 223 - 5.463 ms
::1 - POST /users/register HTTP/1.1 200 274 - 238.288 ms
::1 - GET /account/active/%242a%2410%24zHRNs.dX.EpAoKC0uX46NufvXCiyal4DUlejtsIY156ifWvwyTLLW HTTP/1.1 404 220 - 32.512 ms
::1 - POST /users/register HTTP/1.1 200 276 - 190.975 ms
::1 - GET /account/active/%242a%2410%24rPm4vy2yYVpCH5nEh1irIuDajuy5i4el9Cvygb2uZy%2F.3wj.LpCRe HTTP/1.1 200 25 - 26.153 ms
::1 - GET /account/active/%242a%2410%24rPm4vy2yYVpCH5nEh1irIuDajuy5i4el9Cvygb2uZy HTTP/1.1 200 25 - 4.571 ms
::1 - POST /users/register HTTP/1.1 200 268 - 224.961 ms
::1 - POST /users/login/ HTTP/1.1 200 58 - 28.004 ms
::1 - POST /users/register HTTP/1.1 200 275 - 110.891 ms
::1 - POST /users/login/ HTTP/1.1 200 58 - 7.866 ms
::1 - POST /users/register HTTP/1.1 200 277 - 154.486 ms
::1 - GET /account/active/undefined HTTP/1.1 200 25 - 7.439 ms
::1 - POST /users/register HTTP/1.1 200 273 - 226.995 ms
::1 - POST /users/login/ HTTP/1.1 200 58 - 22.005 ms
::1 - GET /account/active/%242a%2410%24lX38awUDX.kdTka4reaGtOOZUcnjywLdPbRCclLo6K6mvSJoC.8am HTTP/1.1 200 25 - 15.284 ms
::1 - POST /users/login/ HTTP/1.1 200 281 - 11.110 ms
::1 - POST /users/login/ HTTP/1.1 200 281 - 69.979 ms
::1 - GET /users/logout HTTP/1.1 200 13 - 7.844 ms
::1 - PATCH /account/forgetPwd HTTP/1.1 - - - - ms
::1 - PATCH /account/forgetPwd HTTP/1.1 200 31 - 132.458 ms
::1 - PATCH /account/forgetPwd HTTP/1.1 200 272 - 133.608 ms
::1 - PATCH /account/resetPwd/%242a%2410%24pAXkUrv50YnNLNdfbARyd.5wmQLW88vEGBk5DFP09uJaHBIVed3XO HTTP/1.1 200 31 - 11.378 ms
::1 - POST /users/login/ HTTP/1.1 - - - - ms
::1 - POST /users/login/ HTTP/1.1 - - - - ms
::1 - POST /users/login/ HTTP/1.1 200 34 - 47.596 ms
::1 - POST /users/login/ HTTP/1.1 200 281 - 23.653 ms
::1 - POST /users/register HTTP/1.1 200 279 - 244.109 ms
::1 - POST /users/register HTTP/1.1 200 275 - 159.683 ms
::1 - POST /users/register HTTP/1.1 200 273 - 149.979 ms
::1 - POST /users/register HTTP/1.1 200 275 - 200.007 ms
::1 - POST /users/register HTTP/1.1 200 277 - 174.588 ms
::1 - POST /users/register HTTP/1.1 200 273 - 195.018 ms
::1 - POST /users/register HTTP/1.1 200 273 - 159.661 ms
::1 - POST /users/register HTTP/1.1 200 277 - 168.076 ms
::1 - GET /account/active/%242a%2410%24RF9mBig5Z58Gr0z4kVayZutxHcQ5L80rq%2Fw4%2FDK7a160RJ0RCVUSe HTTP/1.1 200 25 - 48.974 ms
::1 - POST /users/login/ HTTP/1.1 200 34 - 7.008 ms
::1 - POST /users/login/ HTTP/1.1 200 58 - 6.027 ms
::1 - POST /users/login/ HTTP/1.1 200 34 - 9.385 ms
::1 - POST /users/register HTTP/1.1 200 275 - 162.837 ms
::1 - GET /account/active/%242a%2410%24ZbWTS2Z3bSj.Tfm4Fxy26eonyMAZZzq5MTA9RG3de3QN1%2Ffcsrl4K HTTP/1.1 200 25 - 5.157 ms
::1 - POST /users/login/ HTTP/1.1 200 283 - 8.855 ms
::1 - PATCH /account/forgetPwd HTTP/1.1 200 276 - 98.087 ms
::1 - PATCH /account/resetPwd/%242a%2410%24kbl0xVdLYqhxK1%2F5Si%2FlJO.WT3.0cJpIIFKVn1YVqEe4MYxFYS2bO HTTP/1.1 200 31 - 6.694 ms
::1 - POST /users/login/ HTTP/1.1 200 34 - 3.242 ms
::1 - POST /users/login/ HTTP/1.1 200 285 - 7.486 ms
::1 - POST /users/register HTTP/1.1 200 275 - 166.777 ms
::1 - POST /users/login/ HTTP/1.1 200 58 - 24.305 ms
::1 - GET /account/active/%242a%2410%24l0AU7i4%2FcdTGmqpmkaK7TeOYv3Q2L9HOAAO25bxgcNRUb4rBXHrla HTTP/1.1 - - - - ms
::1 - POST /users/login/ HTTP/1.1 200 58 - 5.600 ms
::1 - POST /users/login/ HTTP/1.1 200 58 - 55.965 ms
::1 - GET /account/active/%242a%2410%24l0AU7i4%2FcdTGmqpmkaK7TeOYv3Q2L9HOAAO25bxgcNRUb4rBXHrla HTTP/1.1 200 25 - 30.678 ms
::1 - POST /users/login/ HTTP/1.1 200 283 - 33.489 ms
::1 - PATCH /account/forgetPwd HTTP/1.1 200 272 - 121.935 ms
::1 - POST /users/register HTTP/1.1 200 273 - 223.966 ms
::1 - POST /users/login/ HTTP/1.1 200 58 - 28.960 ms
::1 - GET /account/active/%242a%2410%248orGBvzUstCmrfwG5ayAweUO9IGB7dqIEJ6HpUsGhpkb3nVmAbTrq HTTP/1.1 200 25 - 17.389 ms
::1 - PATCH /account/forgetPwd HTTP/1.1 200 31 - 91.642 ms
::1 - PATCH /account/forgetPwd HTTP/1.1 200 272 - 96.958 ms
::1 - POST /users/login/ HTTP/1.1 200 281 - 73.998 ms
::1 - GET /users/logout HTTP/1.1 200 13 - 5.857 ms
::1 - PATCH /account/forgetPwd HTTP/1.1 200 276 - 132.791 ms
::1 - PATCH /account/resetPwd/%242a%2410%24sQ%2FAr14Gl.MIEK7scSg4peNe64oAtQkBE%2FqEmIvMDO.fUv4EOx.IK HTTP/1.1 200 31 - 12.786 ms
::1 - POST /users/login/ HTTP/1.1 200 34 - 3.419 ms
::1 - POST /users/login/ HTTP/1.1 200 289 - 9.271 ms
::1 - GET /account/active/AoKC0uX46NufvXCiyal4DUlejtsIvwyTLLW HTTP/1.1 200 25 - 3.604 ms
::1 - POST /account/active/AoKC0uX46NufvXCiyal4DUlejtsIvwyTLLW HTTP/1.1 404 190 - 4.324 ms
::1 - PATCH /account/active/AoKC0uX46NufvXCiyal4DUlejtsIvwyTLLW HTTP/1.1 404 191 - 1.947 ms
::1 - PATCH /account/resetPwd/AoKC0uX46NufvXCiyal4DUlejtsIvwyTLLW HTTP/1.1 200 25 - 3.359 ms
::1 - PATCH /account/resetPwd/AoKC0uX46NufvXCiyal4DUlejtsIvwyTLLW HTTP/1.1 403 25 - 30.709 ms
::1 - GET /account/active/AoKC0uX46NufvXCiyal4DUlejtsIvwyTLLW HTTP/1.1 403 25 - 5.911 ms
::1 - GET /blogs HTTP/1.1 200 2343 - 61.961 ms
::1 - GET /blogs HTTP/1.1 304 - - 15.061 ms
::1 - GET /blogs HTTP/1.1 304 - - 6.273 ms
::1 - OPTIONS /blogs HTTP/1.1 204 - - 1.630 ms
::1 - POST /blogs HTTP/1.1 200 25 - 22.212 ms
::1 - GET /blogs HTTP/1.1 200 2343 - 8.766 ms
::1 - OPTIONS /blogs HTTP/1.1 204 - - 1.091 ms
::1 - POST /blogs HTTP/1.1 200 25 - 1.620 ms
::1 - GET /blogs HTTP/1.1 200 2343 - 7.662 ms
::1 - GET /blogs HTTP/1.1 304 - - 8.740 ms
::1 - OPTIONS /blogs HTTP/1.1 204 - - 1.298 ms
::1 - POST /blogs HTTP/1.1 200 25 - 1.415 ms
::1 - GET /blogs HTTP/1.1 200 2343 - 6.781 ms
::1 - GET /blogs HTTP/1.1 304 - - 7.042 ms
::1 - OPTIONS /blogs HTTP/1.1 204 - - 0.390 ms
::1 - POST /blogs HTTP/1.1 200 25 - 1.089 ms
::1 - GET /blogs HTTP/1.1 200 2343 - 4.599 ms
::1 - OPTIONS /blogs HTTP/1.1 204 - - 0.419 ms
::1 - POST /blogs HTTP/1.1 200 25 - 1.332 ms
::1 - POST /users/login/ HTTP/1.1 200 289 - 24.531 ms
::1 - GET /blogs HTTP/1.1 200 2343 - 7.074 ms
::1 - OPTIONS /blogs HTTP/1.1 204 - - 1.319 ms
::1 - POST /blogs HTTP/1.1 200 25 - 0.626 ms
::1 - GET /blogs HTTP/1.1 200 2343 - 10.261 ms
::1 - OPTIONS /blogs HTTP/1.1 204 - - 0.461 ms
::1 - POST /blogs HTTP/1.1 200 25 - 1.623 ms
::1 - GET /blogs HTTP/1.1 200 2343 - 8.790 ms
::1 - POST /users/login/ HTTP/1.1 200 289 - 6.738 ms
::1 - OPTIONS /blogs HTTP/1.1 204 - - 1.252 ms
::1 - POST /blogs HTTP/1.1 200 25 - 1.603 ms
::1 - GET /blogs HTTP/1.1 200 2343 - 7.261 ms
::1 - GET /blogs HTTP/1.1 304 - - 42.437 ms
::1 - OPTIONS /blogs HTTP/1.1 204 - - 3.380 ms
::1 - POST /blogs HTTP/1.1 200 25 - 24.539 ms
::1 - GET /blogs HTTP/1.1 200 2343 - 36.199 ms
::1 - OPTIONS /users/login HTTP/1.1 204 - - 0.499 ms
::1 - POST /users/login HTTP/1.1 200 289 - 15.923 ms
::1 - GET /blogs HTTP/1.1 304 - - 55.647 ms
::1 - OPTIONS /blogs HTTP/1.1 204 - - 1.721 ms
::1 - POST /blogs HTTP/1.1 200 25 - 21.110 ms
::1 - GET /blogs HTTP/1.1 200 2343 - 33.930 ms
::1 - OPTIONS /users/login HTTP/1.1 204 - - 1.168 ms
::1 - POST /users/login HTTP/1.1 200 25 - 14.371 ms
::1 - OPTIONS /users/login HTTP/1.1 204 - - 1.439 ms
::1 - POST /users/login HTTP/1.1 200 25 - 8.029 ms
::1 - OPTIONS /users/login HTTP/1.1 204 - - 0.804 ms
::1 - POST /users/login HTTP/1.1 200 25 - 8.211 ms
::1 - GET /blogs HTTP/1.1 304 - - 16.692 ms
::1 - OPTIONS /blogs HTTP/1.1 204 - - 1.588 ms
::1 - POST /blogs HTTP/1.1 200 25 - 1.050 ms
::1 - GET /blogs HTTP/1.1 200 2343 - 11.340 ms
::1 - OPTIONS /users/login HTTP/1.1 204 - - 0.520 ms
::1 - POST /users/login HTTP/1.1 200 25 - 5.756 ms
::1 - GET /blogs HTTP/1.1 304 - - 5.099 ms
::1 - OPTIONS /blogs HTTP/1.1 204 - - 0.524 ms
::1 - POST /blogs HTTP/1.1 200 25 - 0.729 ms
::1 - GET /blogs HTTP/1.1 200 2343 - 7.867 ms
::1 - OPTIONS /users/login HTTP/1.1 204 - - 0.359 ms
::1 - POST /users/login HTTP/1.1 200 25 - 7.696 ms
::1 - OPTIONS /blogs HTTP/1.1 204 - - 0.663 ms
::1 - POST /blogs HTTP/1.1 200 25 - 0.718 ms
::1 - GET /blogs HTTP/1.1 200 2343 - 12.601 ms
::1 - OPTIONS /blogs HTTP/1.1 204 - - 0.299 ms
::1 - POST /blogs HTTP/1.1 200 25 - 0.864 ms
::1 - GET /blogs HTTP/1.1 200 2343 - 4.862 ms
::1 - OPTIONS /blogs HTTP/1.1 204 - - 8.599 ms
::1 - POST /blogs HTTP/1.1 200 25 - 23.479 ms
::1 - GET /blogs HTTP/1.1 200 2343 - 33.157 ms
::1 - OPTIONS /users/login HTTP/1.1 204 - - 0.889 ms
::1 - POST /users/login HTTP/1.1 200 25 - 18.026 ms
::1 - OPTIONS /blogs HTTP/1.1 204 - - 0.409 ms
::1 - POST /blogs HTTP/1.1 200 25 - 2.406 ms
::1 - GET /blogs HTTP/1.1 200 2343 - 28.230 ms
::1 - GET /blogs HTTP/1.1 304 - - 13.826 ms
::1 - OPTIONS /users/login HTTP/1.1 204 - - 0.873 ms
::1 - POST /users/login HTTP/1.1 200 25 - 8.229 ms
::1 - OPTIONS /blogs HTTP/1.1 204 - - 4.128 ms
::1 - POST /blogs HTTP/1.1 200 25 - 1.156 ms
::1 - GET /blogs HTTP/1.1 200 2343 - 9.330 ms
::1 - OPTIONS /users/login HTTP/1.1 204 - - 10.314 ms
::1 - POST /users/login HTTP/1.1 200 25 - 90.288 ms
::1 - OPTIONS /blogs HTTP/1.1 204 - - 1.013 ms
::1 - POST /blogs HTTP/1.1 200 25 - 3.206 ms
::1 - GET /blogs HTTP/1.1 200 2343 - 19.148 ms
::1 - OPTIONS /users/login HTTP/1.1 204 - - 11.557 ms
::1 - POST /users/login HTTP/1.1 200 25 - 72.129 ms
::1 - GET /users/lout HTTP/1.1 404 149 - 7.000 ms
::1 - GET /users/logout HTTP/1.1 200 13 - 4.378 ms
::1 - POST /posts HTTP/1.1 404 145 - 2.011 ms
::1 - POST /blogs HTTP/1.1 200 25 - 1.674 ms
::1 - POST /users/login/ HTTP/1.1 200 25 - 10.223 ms
::1 - POST /blogs HTTP/1.1 200 184 - 102.013 ms
::1 - GET /blogs HTTP/1.1 200 2528 - 14.388 ms
::1 - OPTIONS /blogs HTTP/1.1 204 - - 0.756 ms
::1 - POST /blogs HTTP/1.1 200 25 - 2.497 ms
::1 - GET /blogs HTTP/1.1 200 2528 - 7.039 ms
::1 - OPTIONS /users/login HTTP/1.1 204 - - 0.643 ms
::1 - POST /users/login HTTP/1.1 200 25 - 8.899 ms
::1 - OPTIONS /blogs HTTP/1.1 204 - - 0.634 ms
::1 - POST /blogs HTTP/1.1 200 25 - 0.938 ms
::1 - GET /blogs HTTP/1.1 200 2528 - 5.983 ms
::1 - GET /blogs HTTP/1.1 304 - - 11.303 ms
::1 - GET /blogs HTTP/1.1 304 - - 15.415 ms
::1 - OPTIONS /blogs HTTP/1.1 204 - - 0.368 ms
::1 - POST /blogs HTTP/1.1 200 25 - 2.018 ms
::1 - GET /blogs HTTP/1.1 200 2528 - 11.691 ms
::1 - OPTIONS /users/login HTTP/1.1 204 - - 0.496 ms
::1 - POST /users/login HTTP/1.1 200 25 - 12.896 ms
::1 - OPTIONS /blogs HTTP/1.1 204 - - 0.463 ms
::1 - POST /blogs HTTP/1.1 200 25 - 0.763 ms
::1 - GET /blogs HTTP/1.1 200 2528 - 7.912 ms
::1 - OPTIONS /users/login HTTP/1.1 204 - - 7.082 ms
::1 - POST /users/login HTTP/1.1 200 25 - 71.933 ms
::1 - OPTIONS /blogs HTTP/1.1 204 - - 3.428 ms
::1 - POST /blogs HTTP/1.1 200 25 - 6.122 ms
::1 - GET /blogs HTTP/1.1 200 2528 - 32.623 ms
::1 - GET /blogs HTTP/1.1 304 - - 44.604 ms
::1 - OPTIONS /blogs HTTP/1.1 204 - - 3.615 ms
::1 - POST /blogs HTTP/1.1 200 25 - 24.124 ms
::1 - GET /blogs HTTP/1.1 200 2528 - 15.742 ms
::1 - OPTIONS /users/login HTTP/1.1 204 - - 1.494 ms
::1 - POST /users/login HTTP/1.1 200 34 - 10.077 ms
::1 - OPTIONS /users/login HTTP/1.1 204 - - 1.260 ms
::1 - POST /users/login HTTP/1.1 200 25 - 24.270 ms
::1 - OPTIONS /blogs HTTP/1.1 204 - - 0.858 ms
::1 - POST /blogs HTTP/1.1 200 25 - 2.228 ms
::1 - GET /blogs HTTP/1.1 200 2528 - 12.921 ms
::1 - OPTIONS /users/login HTTP/1.1 204 - - 3.838 ms
::1 - POST /users/login HTTP/1.1 200 25 - 6.287 ms
::1 - OPTIONS /blogs HTTP/1.1 204 - - 0.835 ms
::1 - POST /blogs HTTP/1.1 200 25 - 2.085 ms
::1 - GET /blogs HTTP/1.1 200 2528 - 11.312 ms
::1 - GET /blogs HTTP/1.1 304 - - 50.262 ms
::1 - OPTIONS /users/login HTTP/1.1 204 - - 1.675 ms
::1 - POST /users/login HTTP/1.1 200 25 - 44.276 ms
::1 - OPTIONS /blogs HTTP/1.1 204 - - 0.914 ms
::1 - POST /blogs HTTP/1.1 200 25 - 3.469 ms
::1 - GET /blogs HTTP/1.1 200 2528 - 21.028 ms
::1 - GET /blogs HTTP/1.1 304 - - 49.297 ms
::1 - OPTIONS /blogs HTTP/1.1 204 - - 3.845 ms
::1 - POST /blogs HTTP/1.1 200 25 - 27.351 ms
::1 - GET /blogs HTTP/1.1 200 2528 - 47.572 ms
::1 - OPTIONS /users/login HTTP/1.1 204 - - 0.589 ms
::1 - POST /users/login HTTP/1.1 200 25 - 18.228 ms
::1 - OPTIONS /blogs HTTP/1.1 204 - - 0.492 ms
::1 - POST /blogs HTTP/1.1 200 25 - 2.187 ms
::1 - GET /blogs HTTP/1.1 200 2528 - 11.565 ms
::1 - GET /blogs HTTP/1.1 304 - - 47.681 ms
::1 - OPTIONS /blogs HTTP/1.1 204 - - 3.672 ms
::1 - POST /blogs HTTP/1.1 200 25 - 24.339 ms
::1 - GET /blogs HTTP/1.1 200 2528 - 34.763 ms
::1 - OPTIONS /users/login HTTP/1.1 204 - - 0.764 ms
::1 - POST /users/login HTTP/1.1 200 25 - 21.980 ms
::1 - OPTIONS /blogs HTTP/1.1 204 - - 1.273 ms
::1 - POST /blogs HTTP/1.1 200 25 - 2.417 ms
::1 - GET /blogs HTTP/1.1 200 2528 - 10.169 ms
::1 - GET /blogs HTTP/1.1 304 - - 11.586 ms
::ffff:127.0.0.1 - OPTIONS /blogs HTTP/1.1 204 - - 1.423 ms
::ffff:127.0.0.1 - POST /blogs HTTP/1.1 200 25 - 2.264 ms
::1 - GET /blogs HTTP/1.1 304 - - 12.306 ms
::1 - OPTIONS /users/login HTTP/1.1 204 - - 0.750 ms
::1 - POST /users/login HTTP/1.1 200 25 - 9.951 ms
::ffff:127.0.0.1 - OPTIONS /blogs HTTP/1.1 204 - - 0.328 ms
::ffff:127.0.0.1 - POST /blogs HTTP/1.1 200 25 - 1.633 ms
::1 - GET /blogs HTTP/1.1 304 - - 18.211 ms
::1 - GET /blogs HTTP/1.1 304 - - 8.777 ms
::1 - GET /blogs HTTP/1.1 304 - - 7.622 ms
::1 - OPTIONS /users/login HTTP/1.1 204 - - 1.564 ms
::1 - POST /users/login HTTP/1.1 200 25 - 6.704 ms
::1 - GET /blogs HTTP/1.1 304 - - 14.465 ms
::1 - OPTIONS /users/login HTTP/1.1 204 - - 0.563 ms
::1 - POST /users/login HTTP/1.1 200 25 - 10.145 ms
::1 - OPTIONS /blogs HTTP/1.1 204 - - 0.304 ms
::1 - GET /blogs HTTP/1.1 304 - - 78.115 ms
::1 - OPTIONS /users/login HTTP/1.1 204 - - 1.877 ms
::1 - POST /users/login HTTP/1.1 200 25 - 59.470 ms
::1 - OPTIONS /blogs HTTP/1.1 204 - - 0.813 ms
::1 - OPTIONS /blogs HTTP/1.1 200 - - 10.152 ms
::1 - GET /blogs HTTP/1.1 304 - - 37.972 ms
::1 - OPTIONS /users/login HTTP/1.1 200 - - 1.010 ms
::1 - POST /users/login HTTP/1.1 200 25 - 54.782 ms
::1 - OPTIONS /blogs HTTP/1.1 200 - - 1.484 ms
::1 - OPTIONS /blogs HTTP/1.1 200 - - 7.694 ms
::1 - GET /blogs HTTP/1.1 304 - - 38.688 ms
::1 - OPTIONS /users/login HTTP/1.1 200 - - 0.905 ms
::1 - POST /users/login HTTP/1.1 200 25 - 52.933 ms
::1 - OPTIONS /blogs HTTP/1.1 200 - - 1.319 ms
::1 - GET /blogs HTTP/1.1 304 - - 65.893 ms
::1 - OPTIONS /users/login HTTP/1.1 200 - - 2.690 ms
::1 - POST /users/login HTTP/1.1 200 25 - 57.066 ms
::1 - GET /blogs HTTP/1.1 304 - - 50.138 ms
::1 - OPTIONS /blogs HTTP/1.1 200 - - 3.993 ms
::1 - OPTIONS /blogs HTTP/1.1 200 - - 1.283 ms
::1 - GET /blogs HTTP/1.1 304 - - 51.735 ms
::1 - OPTIONS /blogs HTTP/1.1 200 - - 2.518 ms
::1 - GET /blogs HTTP/1.1 304 - - 39.592 ms
::1 - OPTIONS /blogs HTTP/1.1 200 - - 3.244 ms
::1 - OPTIONS /blogs HTTP/1.1 200 - - 2.032 ms
::1 - GET /blogs HTTP/1.1 304 - - 45.765 ms
::1 - OPTIONS /blogs HTTP/1.1 200 13 - 4.726 ms
::1 - POST /blogs HTTP/1.1 200 25 - 21.223 ms
::1 - GET /blogs HTTP/1.1 200 2528 - 20.743 ms
::1 - OPTIONS /users/login HTTP/1.1 200 4 - 1.520 ms
::1 - POST /users/login HTTP/1.1 200 25 - 19.930 ms
::1 - OPTIONS /blogs HTTP/1.1 200 13 - 4.177 ms
::1 - POST /blogs HTTP/1.1 200 25 - 2.835 ms
::1 - GET /blogs HTTP/1.1 200 2528 - 17.837 ms
::1 - OPTIONS /blogs HTTP/1.1 200 13 - 2.323 ms
::1 - POST /blogs HTTP/1.1 200 25 - 3.132 ms
::1 - GET /blogs HTTP/1.1 200 2528 - 5.575 ms
::1 - OPTIONS /users/login HTTP/1.1 200 4 - 1.476 ms
::1 - POST /users/login HTTP/1.1 200 25 - 11.236 ms
::1 - OPTIONS /blogs HTTP/1.1 200 13 - 1.414 ms
::1 - POST /blogs HTTP/1.1 200 25 - 1.218 ms
::1 - GET /blogs HTTP/1.1 200 2528 - 6.896 ms
::1 - GET /blogs HTTP/1.1 304 - - 70.525 ms
::1 - OPTIONS /blogs HTTP/1.1 200 13 - 4.996 ms
::1 - POST /blogs HTTP/1.1 200 25 - 25.359 ms
::1 - GET /blogs HTTP/1.1 200 2528 - 15.252 ms
::1 - OPTIONS /users/login HTTP/1.1 200 4 - 1.245 ms
::1 - POST /users/login HTTP/1.1 200 25 - 19.209 ms
::1 - OPTIONS /blogs HTTP/1.1 200 13 - 1.935 ms
::1 - POST /blogs HTTP/1.1 200 25 - 2.843 ms
::1 - GET /blogs HTTP/1.1 200 2528 - 17.513 ms
::1 - GET /blogs HTTP/1.1 304 - - 21.780 ms
::1 - OPTIONS /users/login HTTP/1.1 200 4 - 2.194 ms
::1 - POST /users/login HTTP/1.1 200 25 - 12.056 ms
::1 - OPTIONS /blogs HTTP/1.1 200 13 - 2.383 ms
::1 - POST /blogs HTTP/1.1 200 25 - 2.372 ms
::1 - GET /blogs HTTP/1.1 200 2528 - 7.359 ms
::1 - GET /blogs HTTP/1.1 304 - - 41.162 ms
::1 - OPTIONS /users/login HTTP/1.1 200 4 - 2.962 ms
::1 - POST /users/login HTTP/1.1 200 25 - 48.647 ms
::1 - OPTIONS /blogs HTTP/1.1 200 13 - 2.178 ms
::1 - POST /blogs HTTP/1.1 200 25 - 3.418 ms
::1 - GET /blogs HTTP/1.1 200 2528 - 21.429 ms
::1 - OPTIONS /users/login HTTP/1.1 200 4 - 13.469 ms
::1 - POST /users/login HTTP/1.1 200 25 - 40.522 ms
::1 - OPTIONS /blogs HTTP/1.1 200 13 - 1.873 ms
::1 - POST /blogs HTTP/1.1 200 25 - 5.741 ms
::1 - GET /blogs HTTP/1.1 200 2528 - 22.075 ms
::1 - OPTIONS /blogs HTTP/1.1 200 13 - 6.105 ms
::1 - POST /blogs HTTP/1.1 200 25 - 6.490 ms
::1 - GET /blogs HTTP/1.1 200 2528 - 18.495 ms
::1 - OPTIONS /blogs HTTP/1.1 200 13 - 3.576 ms
::1 - POST /blogs HTTP/1.1 200 25 - 4.060 ms
::1 - GET /blogs HTTP/1.1 200 2528 - 10.878 ms
::1 - GET /blogs HTTP/1.1 304 - - 11.928 ms
::1 - OPTIONS /users/login HTTP/1.1 200 4 - 1.378 ms
::1 - POST /users/login HTTP/1.1 200 25 - 9.838 ms
::1 - OPTIONS /blogs HTTP/1.1 200 13 - 0.816 ms
::1 - POST /blogs HTTP/1.1 200 25 - 1.035 ms
::1 - GET /blogs HTTP/1.1 200 2528 - 7.373 ms
::1 - OPTIONS /blogs HTTP/1.1 200 13 - 0.809 ms
::1 - POST /blogs HTTP/1.1 200 25 - 1.828 ms
::1 - GET /blogs HTTP/1.1 200 2528 - 9.099 ms
::1 - GET /blogs HTTP/1.1 304 - - 60.407 ms
::1 - OPTIONS /blogs HTTP/1.1 200 13 - 4.813 ms
::1 - POST /blogs HTTP/1.1 200 25 - 27.805 ms
::1 - GET /blogs HTTP/1.1 200 2528 - 16.005 ms
::1 - OPTIONS /users/login HTTP/1.1 200 4 - 1.135 ms
::1 - POST /users/login HTTP/1.1 200 34 - 8.622 ms
::1 - OPTIONS /users/login HTTP/1.1 200 4 - 1.619 ms
::1 - POST /users/login HTTP/1.1 200 25 - 12.874 ms
::1 - OPTIONS /blogs HTTP/1.1 200 13 - 2.019 ms
::1 - POST /blogs HTTP/1.1 200 25 - 2.208 ms
::1 - GET /blogs HTTP/1.1 200 2528 - 6.151 ms
::1 - GET /blogs HTTP/1.1 304 - - 71.182 ms
::1 - OPTIONS /users/login HTTP/1.1 200 4 - 4.039 ms
::1 - POST /users/login HTTP/1.1 200 34 - 29.160 ms
::1 - OPTIONS /users/login HTTP/1.1 200 4 - 1.411 ms
::1 - POST /users/login HTTP/1.1 200 25 - 14.826 ms
::1 - OPTIONS /blogs HTTP/1.1 200 13 - 1.489 ms
::1 - POST /blogs HTTP/1.1 200 25 - 5.686 ms
::1 - GET /blogs HTTP/1.1 200 2528 - 7.407 ms
::1 - GET /blogs HTTP/1.1 304 - - 67.432 ms
::1 - OPTIONS /users/login HTTP/1.1 200 4 - 2.783 ms
::1 - OPTIONS /users/login HTTP/1.1 200 4 - 1.796 ms
::1 - OPTIONS /blogs HTTP/1.1 200 13 - 2.696 ms
::1 - OPTIONS /users/login HTTP/1.1 200 4 - 11.455 ms
::1 - POST /users/login HTTP/1.1 200 25 - 42.651 ms
::1 - GET /blogs HTTP/1.1 304 - - 39.437 ms
::1 - OPTIONS /blogs HTTP/1.1 200 13 - 1.464 ms
::1 - POST /blogs HTTP/1.1 200 25 - 5.613 ms
::1 - GET /blogs HTTP/1.1 200 2528 - 9.345 ms
::1 - OPTIONS /users/login HTTP/1.1 200 4 - 3.212 ms
::1 - POST /users/login HTTP/1.1 200 25 - 11.938 ms
::1 - OPTIONS /blogs HTTP/1.1 200 13 - 3.068 ms
::1 - POST /blogs HTTP/1.1 200 25 - 2.273 ms
::1 - GET /blogs HTTP/1.1 200 2528 - 9.548 ms
::1 - OPTIONS /blogs HTTP/1.1 200 13 - 2.605 ms
::1 - POST /blogs HTTP/1.1 200 25 - 4.915 ms
::1 - GET /blogs HTTP/1.1 200 2528 - 12.000 ms
::1 - POST /blogs HTTP/1.1 200 25 - 1.837 ms
::1 - GET /blogs HTTP/1.1 200 2528 - 6.204 ms
::1 - POST /blogs HTTP/1.1 200 25 - 1.817 ms
::1 - GET /blogs HTTP/1.1 200 2528 - 8.607 ms
::1 - POST /blogs HTTP/1.1 200 25 - 2.388 ms
::1 - GET /blogs HTTP/1.1 200 2528 - 11.001 ms
::1 - POST /blogs HTTP/1.1 200 25 - 1.603 ms
::1 - GET /blogs HTTP/1.1 200 2528 - 8.218 ms
::1 - POST /blogs HTTP/1.1 200 25 - 2.108 ms
::1 - GET /blogs HTTP/1.1 200 2528 - 10.801 ms
::1 - POST /blogs HTTP/1.1 200 25 - 1.505 ms
::1 - GET /blogs HTTP/1.1 200 2528 - 13.094 ms
::1 - POST /blogs HTTP/1.1 200 25 - 1.322 ms
::1 - GET /blogs HTTP/1.1 200 2528 - 5.327 ms
::1 - POST /blogs HTTP/1.1 200 25 - 1.871 ms
::1 - GET /blogs HTTP/1.1 200 2528 - 5.539 ms
::1 - POST /blogs HTTP/1.1 200 25 - 1.606 ms
::1 - GET /blogs HTTP/1.1 200 2528 - 7.281 ms
::1 - POST /blogs HTTP/1.1 200 25 - 3.567 ms
::1 - GET /blogs HTTP/1.1 200 2528 - 4.854 ms
::1 - POST /blogs HTTP/1.1 200 25 - 2.215 ms
::1 - GET /blogs HTTP/1.1 200 2528 - 5.306 ms
::1 - POST /blogs HTTP/1.1 200 25 - 1.436 ms
::1 - GET /blogs HTTP/1.1 200 2528 - 5.589 ms
::1 - POST /blogs HTTP/1.1 200 25 - 1.056 ms
::1 - GET /blogs HTTP/1.1 200 2528 - 5.030 ms
::1 - POST /blogs HTTP/1.1 200 25 - 1.083 ms
::1 - GET /blogs HTTP/1.1 200 2528 - 4.828 ms
::1 - POST /blogs HTTP/1.1 200 25 - 2.458 ms
::1 - GET /blogs HTTP/1.1 200 2528 - 11.361 ms
::1 - POST /blogs HTTP/1.1 200 25 - 0.955 ms
::1 - GET /blogs HTTP/1.1 200 2528 - 4.627 ms
::1 - POST /blogs HTTP/1.1 200 25 - 1.447 ms
::1 - GET /blogs HTTP/1.1 200 2528 - 3.978 ms
::1 - POST /blogs HTTP/1.1 200 25 - 1.291 ms
::1 - GET /blogs HTTP/1.1 200 2528 - 6.041 ms
::1 - POST /blogs HTTP/1.1 200 25 - 3.311 ms
::1 - GET /blogs HTTP/1.1 200 2528 - 4.992 ms
::1 - POST /blogs HTTP/1.1 200 25 - 2.927 ms
::1 - GET /blogs HTTP/1.1 200 2528 - 5.023 ms
::1 - POST /blogs HTTP/1.1 200 25 - 1.602 ms
::1 - GET /blogs HTTP/1.1 200 2528 - 5.117 ms
::1 - POST /blogs HTTP/1.1 200 25 - 1.159 ms
::1 - GET /blogs HTTP/1.1 200 2528 - 5.708 ms
::1 - POST /blogs HTTP/1.1 200 25 - 1.387 ms
::1 - GET /blogs HTTP/1.1 200 2528 - 4.650 ms
::1 - POST /blogs HTTP/1.1 200 25 - 1.399 ms
::1 - GET /blogs HTTP/1.1 200 2528 - 7.540 ms
::1 - POST /blogs HTTP/1.1 200 25 - 0.994 ms
::1 - GET /blogs HTTP/1.1 200 2528 - 5.712 ms
::1 - POST /blogs HTTP/1.1 200 25 - 1.998 ms
::1 - GET /blogs HTTP/1.1 200 2528 - 6.518 ms
::1 - OPTIONS /blogs HTTP/1.1 200 13 - 1.203 ms
::1 - POST /blogs HTTP/1.1 200 25 - 1.121 ms
::1 - GET /blogs HTTP/1.1 200 2528 - 4.812 ms
::1 - POST /blogs HTTP/1.1 200 25 - 1.224 ms
::1 - GET /blogs HTTP/1.1 200 2528 - 6.027 ms
::1 - POST /blogs HTTP/1.1 200 25 - 0.957 ms
::1 - GET /blogs HTTP/1.1 200 2528 - 3.729 ms
::1 - POST /blogs HTTP/1.1 200 25 - 1.251 ms
::1 - GET /blogs HTTP/1.1 200 2528 - 4.294 ms
::1 - POST /blogs HTTP/1.1 200 25 - 1.960 ms
::1 - GET /blogs HTTP/1.1 200 2528 - 6.059 ms
::1 - POST /blogs HTTP/1.1 200 25 - 1.084 ms
::1 - GET /blogs HTTP/1.1 200 2528 - 5.866 ms
::1 - POST /blogs HTTP/1.1 200 25 - 1.035 ms
::1 - GET /blogs HTTP/1.1 200 2528 - 3.882 ms
::1 - POST /blogs HTTP/1.1 200 25 - 1.563 ms
::1 - GET /blogs HTTP/1.1 200 2528 - 6.121 ms
::1 - POST /blogs HTTP/1.1 200 25 - 1.419 ms
::1 - GET /blogs HTTP/1.1 200 2528 - 6.229 ms
::1 - GET /blogs HTTP/1.1 304 - - 43.036 ms
::1 - OPTIONS /blogs HTTP/1.1 200 13 - 4.927 ms
::1 - POST /blogs HTTP/1.1 200 25 - 37.815 ms
::1 - GET /blogs HTTP/1.1 200 2528 - 23.545 ms
::1 - OPTIONS /users/login HTTP/1.1 200 4 - 1.913 ms
::1 - POST /users/login HTTP/1.1 200 25 - 22.126 ms
::1 - OPTIONS /blogs HTTP/1.1 200 13 - 2.323 ms
::1 - POST /blogs HTTP/1.1 200 25 - 2.677 ms
::1 - GET /blogs HTTP/1.1 200 2528 - 16.255 ms
::1 - OPTIONS /blogs HTTP/1.1 200 13 - 12.951 ms
::1 - POST /blogs HTTP/1.1 200 25 - 54.349 ms
::1 - GET /blogs HTTP/1.1 200 2528 - 31.109 ms
::1 - GET /blogs HTTP/1.1 304 - - 14.071 ms
::1 - OPTIONS /blogs HTTP/1.1 200 13 - 3.262 ms
::1 - POST /blogs HTTP/1.1 200 25 - 3.793 ms
::1 - GET /blogs HTTP/1.1 200 2528 - 9.666 ms
::1 - POST /blogs HTTP/1.1 200 25 - 2.257 ms
::1 - GET /blogs HTTP/1.1 200 2528 - 5.847 ms
::1 - OPTIONS /blogs HTTP/1.1 200 13 - 2.405 ms
::1 - POST /blogs HTTP/1.1 200 25 - 2.360 ms
::1 - GET /blogs HTTP/1.1 200 2528 - 7.585 ms
::1 - POST /blogs HTTP/1.1 200 25 - 2.316 ms
::1 - GET /blogs HTTP/1.1 200 2528 - 11.198 ms
::1 - POST /blogs HTTP/1.1 200 25 - 1.995 ms
::1 - GET /blogs HTTP/1.1 200 2528 - 6.484 ms
::1 - POST /blogs HTTP/1.1 200 25 - 1.057 ms
::1 - GET /blogs HTTP/1.1 200 2528 - 7.135 ms
::1 - POST /blogs HTTP/1.1 200 25 - 1.458 ms
::1 - GET /blogs HTTP/1.1 200 2528 - 4.753 ms
::1 - POST /blogs HTTP/1.1 200 25 - 1.069 ms
::1 - GET /blogs HTTP/1.1 200 2528 - 8.972 ms
::1 - POST /blogs HTTP/1.1 200 25 - 1.881 ms
::1 - GET /blogs HTTP/1.1 200 2528 - 6.268 ms
::1 - POST /blogs HTTP/1.1 200 25 - 1.678 ms
::1 - GET /blogs HTTP/1.1 200 2528 - 7.998 ms
::1 - POST /blogs HTTP/1.1 200 25 - 0.963 ms
::1 - GET /blogs HTTP/1.1 200 2528 - 6.687 ms
::1 - POST /blogs HTTP/1.1 200 25 - 1.753 ms
::1 - GET /blogs HTTP/1.1 200 2528 - 4.886 ms
::1 - POST /blogs HTTP/1.1 200 25 - 1.080 ms
::1 - GET /blogs HTTP/1.1 200 2528 - 5.842 ms
::1 - POST /blogs HTTP/1.1 200 25 - 2.014 ms
::1 - GET /blogs HTTP/1.1 200 2528 - 3.714 ms
::1 - POST /blogs HTTP/1.1 200 25 - 2.307 ms
::1 - GET /blogs HTTP/1.1 200 2528 - 6.446 ms
::1 - POST /blogs HTTP/1.1 200 25 - 1.480 ms
::1 - GET /blogs HTTP/1.1 200 2528 - 3.351 ms
::1 - POST /blogs HTTP/1.1 200 25 - 1.194 ms
::1 - GET /blogs HTTP/1.1 200 2528 - 4.746 ms
::1 - POST /blogs HTTP/1.1 200 25 - 1.090 ms
::1 - GET /blogs HTTP/1.1 200 2528 - 6.232 ms
::1 - POST /blogs HTTP/1.1 200 25 - 1.156 ms
::1 - GET /blogs HTTP/1.1 200 2528 - 5.863 ms
::1 - GET /blogs HTTP/1.1 304 - - 50.352 ms
::1 - OPTIONS /blogs HTTP/1.1 200 13 - 3.061 ms
::1 - POST /blogs HTTP/1.1 200 25 - 16.853 ms
::1 - GET /blogs HTTP/1.1 200 2528 - 18.190 ms
::1 - POST /blogs HTTP/1.1 200 25 - 2.269 ms
::1 - GET /blogs HTTP/1.1 200 2528 - 16.275 ms
::1 - POST /blogs HTTP/1.1 200 25 - 1.438 ms
::1 - GET /blogs HTTP/1.1 200 2528 - 3.948 ms
::1 - POST /blogs HTTP/1.1 200 25 - 1.144 ms
::1 - GET /blogs HTTP/1.1 200 2528 - 6.072 ms
::1 - OPTIONS /users/login HTTP/1.1 200 4 - 3.189 ms
::1 - POST /users/login HTTP/1.1 200 25 - 23.843 ms
::1 - OPTIONS /blogs HTTP/1.1 200 13 - 1.478 ms
::1 - POST /blogs HTTP/1.1 200 25 - 1.097 ms
::1 - GET /blogs HTTP/1.1 200 2528 - 11.531 ms
::1 - OPTIONS /users/login HTTP/1.1 200 4 - 2.970 ms
::1 - POST /users/login HTTP/1.1 200 25 - 10.129 ms
::1 - OPTIONS /blogs HTTP/1.1 200 13 - 2.734 ms
::1 - POST /blogs HTTP/1.1 200 25 - 2.711 ms
::1 - GET /blogs HTTP/1.1 200 2528 - 10.333 ms
::1 - GET /blogs HTTP/1.1 304 - - 6.933 ms
::1 - OPTIONS /blogs HTTP/1.1 200 13 - 0.900 ms
::1 - POST /blogs HTTP/1.1 200 25 - 1.754 ms
::1 - GET /blogs HTTP/1.1 200 2528 - 11.599 ms
::1 - OPTIONS /users/login HTTP/1.1 200 4 - 0.691 ms
::1 - POST /users/login HTTP/1.1 200 25 - 6.397 ms
::1 - OPTIONS /blogs HTTP/1.1 200 13 - 0.682 ms
::1 - POST /blogs HTTP/1.1 200 25 - 1.871 ms
::1 - GET /blogs HTTP/1.1 200 2528 - 13.495 ms
::1 - OPTIONS /blogs HTTP/1.1 200 13 - 1.157 ms
::1 - POST /blogs HTTP/1.1 200 25 - 2.843 ms
::1 - GET /blogs HTTP/1.1 200 2528 - 9.939 ms
::1 - OPTIONS /blogs HTTP/1.1 200 13 - 0.544 ms
::1 - POST /blogs HTTP/1.1 200 25 - 4.433 ms
::1 - GET /blogs HTTP/1.1 200 2528 - 9.613 ms
::1 - OPTIONS /users/login HTTP/1.1 200 4 - 0.553 ms
::1 - POST /users/login HTTP/1.1 200 25 - 9.350 ms
::1 - OPTIONS /blogs HTTP/1.1 200 13 - 1.272 ms
::1 - POST /blogs HTTP/1.1 200 25 - 2.001 ms
::1 - GET /blogs HTTP/1.1 200 2528 - 6.185 ms
::1 - OPTIONS /blogs HTTP/1.1 200 13 - 0.865 ms
::1 - POST /blogs HTTP/1.1 200 25 - 1.816 ms
::1 - GET /blogs HTTP/1.1 200 2528 - 8.221 ms
::1 - OPTIONS /users/login HTTP/1.1 200 4 - 12.134 ms
::1 - POST /users/login HTTP/1.1 200 25 - 53.104 ms
::1 - OPTIONS /blogs HTTP/1.1 200 13 - 3.960 ms
::1 - POST /blogs HTTP/1.1 200 25 - 7.188 ms
::1 - GET /blogs HTTP/1.1 200 2528 - 22.780 ms
::1 - OPTIONS /users/login HTTP/1.1 200 4 - 2.776 ms
::1 - POST /users/login HTTP/1.1 200 25 - 11.512 ms
::1 - OPTIONS /blogs HTTP/1.1 200 13 - 3.133 ms
::1 - POST /blogs HTTP/1.1 200 25 - 2.849 ms
::1 - GET /blogs HTTP/1.1 200 2528 - 7.678 ms
::1 - GET /blogs HTTP/1.1 304 - - 6.868 ms
::1 - OPTIONS /users/login HTTP/1.1 200 4 - 1.514 ms
::1 - POST /users/login HTTP/1.1 200 25 - 8.273 ms
::1 - OPTIONS /blogs HTTP/1.1 200 13 - 0.662 ms
::1 - POST /blogs HTTP/1.1 200 25 - 1.882 ms
::1 - GET /blogs HTTP/1.1 200 2528 - 8.590 ms
::1 - OPTIONS /users/login HTTP/1.1 204 - - 3.559 ms
::1 - POST /users/login HTTP/1.1 200 25 - 54.756 ms
::1 - OPTIONS /blogs HTTP/1.1 204 - - 0.431 ms
::1 - POST /blogs HTTP/1.1 200 175 - 72.984 ms
::1 - GET /blogs HTTP/1.1 200 2704 - 14.759 ms
::1 - OPTIONS /blogs HTTP/1.1 204 - - 1.018 ms
::1 - POST /blogs HTTP/1.1 200 175 - 36.739 ms
::1 - GET /blogs HTTP/1.1 200 2880 - 7.417 ms
::1 - OPTIONS /users/login HTTP/1.1 204 - - 4.531 ms
::1 - POST /users/login HTTP/1.1 200 25 - 65.550 ms
::1 - OPTIONS /blogs HTTP/1.1 204 - - 0.646 ms
::1 - POST /blogs HTTP/1.1 200 189 - 63.778 ms
::1 - GET /blogs HTTP/1.1 200 3070 - 11.805 ms
::1 - OPTIONS /users/login HTTP/1.1 204 - - 5.127 ms
::1 - POST /users/login HTTP/1.1 200 25 - 51.460 ms
::1 - OPTIONS /blogs HTTP/1.1 204 - - 0.732 ms
::1 - POST /blogs HTTP/1.1 200 25 - 8.312 ms
::1 - GET /blogs HTTP/1.1 200 3070 - 32.723 ms
::1 - OPTIONS /blogs HTTP/1.1 204 - - 1.249 ms
::1 - POST /blogs HTTP/1.1 200 25 - 3.775 ms
::1 - GET /blogs HTTP/1.1 200 3070 - 8.507 ms
::1 - OPTIONS /users/login HTTP/1.1 204 - - 4.655 ms
::1 - POST /users/login HTTP/1.1 200 25 - 49.030 ms
::1 - OPTIONS /blogs HTTP/1.1 204 - - 0.551 ms
::1 - POST /blogs HTTP/1.1 200 25 - 10.547 ms
::1 - GET /blogs HTTP/1.1 200 3070 - 26.785 ms
::1 - OPTIONS /users/login HTTP/1.1 204 - - 4.823 ms
::1 - POST /users/login HTTP/1.1 200 25 - 69.268 ms
::1 - OPTIONS /blogs HTTP/1.1 204 - - 0.565 ms
::1 - POST /blogs HTTP/1.1 200 25 - 9.252 ms
::1 - GET /blogs HTTP/1.1 200 3070 - 26.955 ms
::1 - POST /blogs HTTP/1.1 200 25 - 2.786 ms
::1 - GET /blogs HTTP/1.1 200 3070 - 11.267 ms
::1 - POST /blogs HTTP/1.1 200 25 - 4.646 ms
::1 - GET /blogs HTTP/1.1 200 3070 - 11.321 ms
::1 - OPTIONS /users/login HTTP/1.1 204 - - 5.472 ms
::1 - POST /users/login HTTP/1.1 200 25 - 49.902 ms
::1 - OPTIONS /blogs HTTP/1.1 204 - - 0.974 ms
::1 - POST /blogs HTTP/1.1 200 25 - 9.278 ms
::1 - GET /blogs HTTP/1.1 200 3070 - 33.608 ms
::1 - OPTIONS /users/login HTTP/1.1 204 - - 4.184 ms
::1 - POST /users/login HTTP/1.1 200 25 - 61.099 ms
::1 - OPTIONS /blogs HTTP/1.1 204 - - 0.461 ms
::1 - POST /blogs HTTP/1.1 200 25 - 9.151 ms
::1 - GET /blogs HTTP/1.1 200 3070 - 30.723 ms
::1 - OPTIONS /users/login HTTP/1.1 204 - - 0.352 ms
::1 - POST /users/login HTTP/1.1 200 25 - 10.116 ms
::1 - OPTIONS /blogs HTTP/1.1 204 - - 1.568 ms
::1 - POST /blogs HTTP/1.1 200 25 - 4.279 ms
::1 - GET /blogs HTTP/1.1 200 3070 - 12.580 ms
::1 - OPTIONS /users/login HTTP/1.1 204 - - 1.061 ms
::1 - POST /users/login HTTP/1.1 200 25 - 9.557 ms
::1 - OPTIONS /blogs HTTP/1.1 204 - - 3.355 ms
::1 - POST /blogs HTTP/1.1 200 25 - 3.313 ms
::1 - GET /blogs HTTP/1.1 200 3070 - 12.155 ms
::1 - OPTIONS /blogs HTTP/1.1 204 - - 0.765 ms
::1 - POST /blogs HTTP/1.1 200 25 - 2.919 ms
::1 - GET /blogs HTTP/1.1 200 3070 - 6.871 ms
::1 - OPTIONS /blogs HTTP/1.1 204 - - 0.679 ms
::1 - POST /blogs HTTP/1.1 200 25 - 3.099 ms
::1 - GET /blogs HTTP/1.1 200 3070 - 8.480 ms
::1 - GET /blogs HTTP/1.1 304 - - 64.151 ms
::1 - OPTIONS /users/login HTTP/1.1 204 - - 1.517 ms
::1 - POST /users/login HTTP/1.1 200 25 - 46.187 ms
::1 - OPTIONS /blogs HTTP/1.1 204 - - 0.882 ms
::1 - POST /blogs HTTP/1.1 200 191 - 53.294 ms
::1 - GET /blogs HTTP/1.1 200 3262 - 9.603 ms
::1 - OPTIONS /blogs HTTP/1.1 204 - - 0.511 ms
::1 - POST /blogs HTTP/1.1 200 191 - 14.603 ms
::1 - GET /blogs HTTP/1.1 200 3454 - 17.679 ms
::1 - GET /blogs HTTP/1.1 304 - - 66.039 ms
::1 - OPTIONS /users/login HTTP/1.1 200 4 - 3.981 ms
::1 - POST /users/login HTTP/1.1 200 25 - 43.214 ms
::1 - OPTIONS /blogs HTTP/1.1 200 13 - 1.521 ms
::1 - POST /blogs HTTP/1.1 200 191 - 46.843 ms
::1 - GET /blogs HTTP/1.1 200 3646 - 11.295 ms
